
Showing logs for build [32mcb-kubecd-environment-pr-205-29-r9bf5-1[0m stage [32mfrom-build-pack[0m and container [32mstep-credential-initializer-g5mf8[0m
{"level":"info","ts":1587230182.6549919,"logger":"fallback-logger","caller":"logging/config.go:69","msg":"Fetch GitHub commit ID from kodata failed: open /var/run/ko/refs/heads/0.8.0-ns-support: no such file or directory"}
{"level":"info","ts":1587230182.6555085,"logger":"fallback-logger","caller":"creds-init/main.go:40","msg":"Credentials initialized."}

Showing logs for build [32mcb-kubecd-environment-pr-205-29-r9bf5-1[0m stage [32mfrom-build-pack[0m and container [32mstep-working-dir-initializer-7f6mt[0m
{"level":"info","ts":1587230183.1364944,"logger":"fallback-logger","caller":"logging/config.go:69","msg":"Fetch GitHub commit ID from kodata failed: open /var/run/ko/HEAD: no such file or directory"}
{"level":"info","ts":1587230183.1386259,"logger":"fallback-logger","caller":"bash/main.go:64","msg":"Successfully executed command \"sh -c mkdir -p /workspace/source\"; output "}

Showing logs for build [32mcb-kubecd-environment-pr-205-29-r9bf5-1[0m stage [32mfrom-build-pack[0m and container [32mstep-place-tools[0m

Showing logs for build [32mcb-kubecd-environment-pr-205-29-r9bf5-1[0m stage [32mfrom-build-pack[0m and container [32mstep-git-source-cb-kubecd-environment-pr-205-29-r9bf5-z9wpd[0m
{"level":"info","ts":1587230187.2429905,"logger":"fallback-logger","caller":"logging/config.go:69","msg":"Fetch GitHub commit ID from kodata failed: open /var/run/ko/refs/heads/0.8.0-ns-support: no such file or directory"}
{"level":"info","ts":1587230188.2814686,"logger":"fallback-logger","caller":"git/git.go:103","msg":"Successfully cloned https://github.com/cb-kubecd/environment-pr-205-29-boot-gke-staging.git @ master in path /workspace/source"}

Showing logs for build [32mcb-kubecd-environment-pr-205-29-r9bf5-1[0m stage [32mfrom-build-pack[0m and container [32mstep-git-merge[0m
Using SHAs from PULL_REFS=master:5e82561144d6af0abb3c855ecdb19ff20f44e586,4:dc62e947cc41b056a06357f6567a694c3ed0fbe8
DEBUG: LC_ALL=C JX_LOG_LEVEL=error git fetch origin --unshallow dc62e947cc41b056a06357f6567a694c3ed0fbe8: 5e82561144d6af0abb3c855ecdb19ff20f44e586:
DEBUG: ran git fetch --unshallow origin dc62e947cc41b056a06357f6567a694c3ed0fbe8: 5e82561144d6af0abb3c855ecdb19ff20f44e586: in 
DEBUG: LC_ALL=C JX_LOG_LEVEL=error git branch
DEBUG: LC_ALL=C JX_LOG_LEVEL=error git checkout master
DEBUG: ran git checkout master in 
DEBUG: LC_ALL=C JX_LOG_LEVEL=error git reset --hard 5e82561144d6af0abb3c855ecdb19ff20f44e586
DEBUG: ran git reset --hard 5e82561144d6af0abb3c855ecdb19ff20f44e586 in 
DEBUG: LC_ALL=C JX_LOG_LEVEL=error git clean -fd .
DEBUG: ran clean --force -d . in 
DEBUG: LC_ALL=C JX_LOG_LEVEL=error git merge dc62e947cc41b056a06357f6567a694c3ed0fbe8
DEBUG: ran git merge dc62e947cc41b056a06357f6567a694c3ed0fbe8 in 
DEBUG: LC_ALL=C JX_LOG_LEVEL=error git log --format=%H%x1f%an%x1f%ae%x1f%cn%x1f%ce%x1f%s%n%b%x1e 5e82561144d6af0abb3c855ecdb19ff20f44e586..HEAD
Merged SHA dc62e947cc41b056a06357f6567a694c3ed0fbe8 with commit message 'chore: Promote bdd-gh-1587228390 to version 0.0.1' into base branch master

Showing logs for build [32mcb-kubecd-environment-pr-205-29-r9bf5-1[0m stage [32mfrom-build-pack[0m and container [32mstep-build-helm-build[0m
WARNING: No $CHART_REPOSITORY defined so using the default value of: http://jenkins-x-chartmuseum:8080
Adding missing Helm repo: storage.googleapis.com https://storage.googleapis.com/chartmuseum.jenkins-x.io
WARNING: No secrets found on "helm/repos" due: reading the secret "helm/repos" from vault: no secret "helm/repos" not found in vault
Read credentials for https://storage.googleapis.com/chartmuseum.jenkins-x.io from vault helm/repos
Successfully added Helm repository storage.googleapis.com.
Adding missing Helm repo: jenkins-x-chartmuseum http://jenkins-x-chartmuseum:8080
WARNING: No secrets found on "helm/repos" due: reading the secret "helm/repos" from vault: no secret "helm/repos" not found in vault
Read credentials for http://jenkins-x-chartmuseum:8080 from vault helm/repos
Successfully added Helm repository jenkins-x-chartmuseum.
WARNING: No $CHART_REPOSITORY defined so using the default value of: http://jenkins-x-chartmuseum:8080
Adding missing Helm repo: chartmuseum.jenkins-x.io http://chartmuseum.jenkins-x.io
WARNING: No secrets found on "helm/repos" due: reading the secret "helm/repos" from vault: no secret "helm/repos" not found in vault
Read credentials for http://chartmuseum.jenkins-x.io from vault helm/repos
Successfully added Helm repository chartmuseum.jenkins-x.io.
