
Showing logs for build [32mcb-kubecd-environment-pr-205-29-44chm-1[0m stage [32mfrom-build-pack[0m and container [32mstep-credential-initializer-wflsj[0m
{"level":"info","ts":1587232457.0215478,"logger":"fallback-logger","caller":"logging/config.go:69","msg":"Fetch GitHub commit ID from kodata failed: open /var/run/ko/refs/heads/0.8.0-ns-support: no such file or directory"}
{"level":"info","ts":1587232457.022127,"logger":"fallback-logger","caller":"creds-init/main.go:40","msg":"Credentials initialized."}

Showing logs for build [32mcb-kubecd-environment-pr-205-29-44chm-1[0m stage [32mfrom-build-pack[0m and container [32mstep-working-dir-initializer-pql9b[0m
{"level":"info","ts":1587232457.998006,"logger":"fallback-logger","caller":"logging/config.go:69","msg":"Fetch GitHub commit ID from kodata failed: open /var/run/ko/HEAD: no such file or directory"}
{"level":"info","ts":1587232458.0003707,"logger":"fallback-logger","caller":"bash/main.go:64","msg":"Successfully executed command \"sh -c mkdir -p /workspace/source\"; output "}

Showing logs for build [32mcb-kubecd-environment-pr-205-29-44chm-1[0m stage [32mfrom-build-pack[0m and container [32mstep-place-tools[0m

Showing logs for build [32mcb-kubecd-environment-pr-205-29-44chm-1[0m stage [32mfrom-build-pack[0m and container [32mstep-git-source-cb-kubecd-environment-pr-205-29-44chm-zzr6n[0m
{"level":"info","ts":1587232463.1809149,"logger":"fallback-logger","caller":"logging/config.go:69","msg":"Fetch GitHub commit ID from kodata failed: open /var/run/ko/refs/heads/0.8.0-ns-support: no such file or directory"}
{"level":"info","ts":1587232464.3462856,"logger":"fallback-logger","caller":"git/git.go:103","msg":"Successfully cloned https://github.com/cb-kubecd/environment-pr-205-29-boot-gke-staging.git @ master in path /workspace/source"}

Showing logs for build [32mcb-kubecd-environment-pr-205-29-44chm-1[0m stage [32mfrom-build-pack[0m and container [32mstep-git-merge[0m
Using SHAs from PULL_REFS=master:06c29a5f1f1ab8b6f799f26340d114583349d608,8:94d2feeab8d451cb0012881ad2221b8696ea9b9a
DEBUG: LC_ALL=C JX_LOG_LEVEL=error git fetch origin --unshallow 94d2feeab8d451cb0012881ad2221b8696ea9b9a: 06c29a5f1f1ab8b6f799f26340d114583349d608:
DEBUG: ran git fetch --unshallow origin 94d2feeab8d451cb0012881ad2221b8696ea9b9a: 06c29a5f1f1ab8b6f799f26340d114583349d608: in 
DEBUG: LC_ALL=C JX_LOG_LEVEL=error git branch
DEBUG: JX_LOG_LEVEL=error LC_ALL=C git checkout master
DEBUG: ran git checkout master in 
DEBUG: LC_ALL=C JX_LOG_LEVEL=error git reset --hard 06c29a5f1f1ab8b6f799f26340d114583349d608
DEBUG: ran git reset --hard 06c29a5f1f1ab8b6f799f26340d114583349d608 in 
DEBUG: LC_ALL=C JX_LOG_LEVEL=error git clean -fd .
DEBUG: ran clean --force -d . in 
DEBUG: LC_ALL=C JX_LOG_LEVEL=error git merge 94d2feeab8d451cb0012881ad2221b8696ea9b9a
DEBUG: ran git merge 94d2feeab8d451cb0012881ad2221b8696ea9b9a in 
DEBUG: LC_ALL=C JX_LOG_LEVEL=error git log --format=%H%x1f%an%x1f%ae%x1f%cn%x1f%ce%x1f%s%n%b%x1e 06c29a5f1f1ab8b6f799f26340d114583349d608..HEAD
Merged SHA 94d2feeab8d451cb0012881ad2221b8696ea9b9a with commit message 'chore: Promote bdd-ghf**y-import-1587230636 to version 0.0.1' into base branch master

Showing logs for build [32mcb-kubecd-environment-pr-205-29-44chm-1[0m stage [32mfrom-build-pack[0m and container [32mstep-build-helm-build[0m
WARNING: No $CHART_REPOSITORY defined so using the default value of: http://jenkins-x-chartmuseum:8080
Adding missing Helm repo: storage.googleapis.com https://storage.googleapis.com/chartmuseum.jenkins-x.io
WARNING: No secrets found on "helm/repos" due: reading the secret "helm/repos" from vault: no secret "helm/repos" not found in vault
Read credentials for https://storage.googleapis.com/chartmuseum.jenkins-x.io from vault helm/repos
Successfully added Helm repository storage.googleapis.com.
Adding missing Helm repo: jenkins-x-chartmuseum http://jenkins-x-chartmuseum:8080
WARNING: No secrets found on "helm/repos" due: reading the secret "helm/repos" from vault: no secret "helm/repos" not found in vault
Read credentials for http://jenkins-x-chartmuseum:8080 from vault helm/repos
Successfully added Helm repository jenkins-x-chartmuseum.
WARNING: No $CHART_REPOSITORY defined so using the default value of: http://jenkins-x-chartmuseum:8080
Adding missing Helm repo: chartmuseum.jenkins-x.io http://chartmuseum.jenkins-x.io
WARNING: No secrets found on "helm/repos" due: reading the secret "helm/repos" from vault: no secret "helm/repos" not found in vault
Read credentials for http://chartmuseum.jenkins-x.io from vault helm/repos
Successfully added Helm repository chartmuseum.jenkins-x.io.
